<?xml version="1.0" encoding="UTF-8"?>
<!-- Generated by org.testng.reporters.JUnitReportReporter -->
<testsuite ignored="0" hostname="Mnuc" failures="0" tests="1" name="test.HomePageTest" time="0.052" errors="0" timestamp="03 Jul 2022 04:11:25 GMT" skipped="0">
  <testcase classname="test.HomePageTest" name="homepageTest" time="0.052"/>
</testsuite> <!-- test.HomePageTest -->
