<?xml version="1.0" encoding="UTF-8"?>
<!-- Generated by org.testng.reporters.JUnitReportReporter -->
<testsuite ignored="0" hostname="Mnuc" failures="0" tests="1" name="test.CreateNewAccountPageTest" time="1.172" errors="0" timestamp="22 Jul 2022 05:11:58 GMT" skipped="0">
  <testcase classname="test.CreateNewAccountPageTest" name="createaccountPageTest" time="1.172"/>
</testsuite> <!-- test.CreateNewAccountPageTest -->
